[ 2016-12-05T09:28:21+08:00 ] ::1 /thinkphp3/index.php
INFO: [ app_init ] --START--
INFO: Run Behavior\BuildLiteBehavior [ RunTime:0.000037s ]
INFO: [ app_init ] --END-- [ RunTime:0.028119s ]
INFO: [ app_begin ] --START--
INFO: Run Behavior\ReadHtmlCacheBehavior [ RunTime:0.025254s ]
INFO: [ app_begin ] --END-- [ RunTime:0.025444s ]
INFO: [ view_parse ] --START--
INFO: Run Behavior\ParseTemplateBehavior [ RunTime:0.016501s ]
INFO: [ view_parse ] --END-- [ RunTime:0.016953s ]
INFO: [ view_filter ] --START--
INFO: Run Behavior\WriteHtmlCacheBehavior [ RunTime:0.023108s ]
INFO: [ view_filter ] --END-- [ RunTime:0.023422s ]
INFO: [ app_end ] --START--
INFO: Run Behavior\ShowPageTraceBehavior [ RunTime:0.012843s ]
INFO: [ app_end ] --END-- [ RunTime:0.013079s ]

[ 2016-12-05T09:28:33+08:00 ] ::1 /thinkphp3/Home/User
INFO: [ app_init ] --START--
INFO: Run Behavior\BuildLiteBehavior [ RunTime:0.000037s ]
INFO: [ app_init ] --END-- [ RunTime:0.000683s ]
INFO: [ app_begin ] --START--
INFO: Run Behavior\ReadHtmlCacheBehavior [ RunTime:0.000919s ]
INFO: [ app_begin ] --END-- [ RunTime:0.001099s ]
INFO: [ app_end ] --START--
INFO: Run Behavior\ShowPageTraceBehavior [ RunTime:0.001207s ]
INFO: [ app_end ] --END-- [ RunTime:0.001410s ]

[ 2016-12-05T09:28:43+08:00 ] ::1 /thinkphp3/Home/User/model
INFO: [ app_init ] --START--
INFO: Run Behavior\BuildLiteBehavior [ RunTime:0.000038s ]
INFO: [ app_init ] --END-- [ RunTime:0.000616s ]
INFO: [ app_begin ] --START--
INFO: Run Behavior\ReadHtmlCacheBehavior [ RunTime:0.001088s ]
INFO: [ app_begin ] --END-- [ RunTime:0.001279s ]
ERR: 1046:No database selected
 [ SQL语句 ] : SHOW COLUMNS FROM `think_user`
ERR: 1046:No database selected
 [ SQL语句 ] : SHOW COLUMNS FROM `think_user`

[ 2016-12-05T09:36:46+08:00 ] ::1 /thinkphp3/Home/User/model
INFO: [ app_init ] --START--
INFO: Run Behavior\BuildLiteBehavior [ RunTime:0.000037s ]
INFO: [ app_init ] --END-- [ RunTime:0.000652s ]
INFO: [ app_begin ] --START--
INFO: Run Behavior\ReadHtmlCacheBehavior [ RunTime:0.000882s ]
INFO: [ app_begin ] --END-- [ RunTime:0.001087s ]
ERR: 1046:No database selected
 [ SQL语句 ] : SHOW COLUMNS FROM `think_user`
ERR: 1046:No database selected
 [ SQL语句 ] : SHOW COLUMNS FROM `think_user`

[ 2016-12-05T09:36:47+08:00 ] ::1 /thinkphp3/Home/User/model
INFO: [ app_init ] --START--
INFO: Run Behavior\BuildLiteBehavior [ RunTime:0.000036s ]
INFO: [ app_init ] --END-- [ RunTime:0.000583s ]
INFO: [ app_begin ] --START--
INFO: Run Behavior\ReadHtmlCacheBehavior [ RunTime:0.000923s ]
INFO: [ app_begin ] --END-- [ RunTime:0.001099s ]
ERR: 1046:No database selected
 [ SQL语句 ] : SHOW COLUMNS FROM `think_user`
ERR: 1046:No database selected
 [ SQL语句 ] : SHOW COLUMNS FROM `think_user`

[ 2016-12-05T09:36:47+08:00 ] ::1 /thinkphp3/Home/User/model
INFO: [ app_init ] --START--
INFO: Run Behavior\BuildLiteBehavior [ RunTime:0.000037s ]
INFO: [ app_init ] --END-- [ RunTime:0.000776s ]
INFO: [ app_begin ] --START--
INFO: Run Behavior\ReadHtmlCacheBehavior [ RunTime:0.000911s ]
INFO: [ app_begin ] --END-- [ RunTime:0.001090s ]
ERR: 1046:No database selected
 [ SQL语句 ] : SHOW COLUMNS FROM `think_user`
ERR: 1046:No database selected
 [ SQL语句 ] : SHOW COLUMNS FROM `think_user`

[ 2016-12-05T09:36:47+08:00 ] ::1 /thinkphp3/Home/User/model
INFO: [ app_init ] --START--
INFO: Run Behavior\BuildLiteBehavior [ RunTime:0.000036s ]
INFO: [ app_init ] --END-- [ RunTime:0.000579s ]
INFO: [ app_begin ] --START--
INFO: Run Behavior\ReadHtmlCacheBehavior [ RunTime:0.000905s ]
INFO: [ app_begin ] --END-- [ RunTime:0.001082s ]
ERR: 1046:No database selected
 [ SQL语句 ] : SHOW COLUMNS FROM `think_user`
ERR: 1046:No database selected
 [ SQL语句 ] : SHOW COLUMNS FROM `think_user`

[ 2016-12-05T09:37:41+08:00 ] ::1 /thinkphp3/Home/User/model
INFO: [ app_init ] --START--
INFO: Run Behavior\BuildLiteBehavior [ RunTime:0.000038s ]
INFO: [ app_init ] --END-- [ RunTime:0.000618s ]
INFO: [ app_begin ] --START--
INFO: Run Behavior\ReadHtmlCacheBehavior [ RunTime:0.000914s ]
INFO: [ app_begin ] --END-- [ RunTime:0.001091s ]
SQL: SHOW COLUMNS FROM `think_user` [ RunTime:0.0021s ]
SQL: SELECT * FROM `think_user`  [ RunTime:0.0004s ]
INFO: [ app_end ] --START--
INFO: Run Behavior\ShowPageTraceBehavior [ RunTime:0.000989s ]
INFO: [ app_end ] --END-- [ RunTime:0.001158s ]

[ 2016-12-05T09:38:56+08:00 ] ::1 /thinkphp3/Home/User/model
INFO: [ app_init ] --START--
INFO: Run Behavior\BuildLiteBehavior [ RunTime:0.000038s ]
INFO: [ app_init ] --END-- [ RunTime:0.000704s ]
INFO: [ app_begin ] --START--
INFO: Run Behavior\ReadHtmlCacheBehavior [ RunTime:0.000795s ]
INFO: [ app_begin ] --END-- [ RunTime:0.000950s ]
ERR: 无法加载数据库驱动: Think\Db\Driver\Pdo

[ 2016-12-05T09:38:57+08:00 ] ::1 /thinkphp3/Home/User/model
INFO: [ app_init ] --START--
INFO: Run Behavior\BuildLiteBehavior [ RunTime:0.000064s ]
INFO: [ app_init ] --END-- [ RunTime:0.000873s ]
INFO: [ app_begin ] --START--
INFO: Run Behavior\ReadHtmlCacheBehavior [ RunTime:0.000896s ]
INFO: [ app_begin ] --END-- [ RunTime:0.001083s ]
ERR: 无法加载数据库驱动: Think\Db\Driver\Pdo

[ 2016-12-05T09:38:58+08:00 ] ::1 /thinkphp3/Home/User/model
INFO: [ app_init ] --START--
INFO: Run Behavior\BuildLiteBehavior [ RunTime:0.000037s ]
INFO: [ app_init ] --END-- [ RunTime:0.000664s ]
INFO: [ app_begin ] --START--
INFO: Run Behavior\ReadHtmlCacheBehavior [ RunTime:0.000842s ]
INFO: [ app_begin ] --END-- [ RunTime:0.001017s ]
ERR: 无法加载数据库驱动: Think\Db\Driver\Pdo

[ 2016-12-05T09:38:59+08:00 ] ::1 /thinkphp3/Home/User/model
INFO: [ app_init ] --START--
INFO: Run Behavior\BuildLiteBehavior [ RunTime:0.000039s ]
INFO: [ app_init ] --END-- [ RunTime:0.000685s ]
INFO: [ app_begin ] --START--
INFO: Run Behavior\ReadHtmlCacheBehavior [ RunTime:0.001014s ]
INFO: [ app_begin ] --END-- [ RunTime:0.001197s ]
ERR: 无法加载数据库驱动: Think\Db\Driver\Pdo

[ 2016-12-05T09:42:09+08:00 ] ::1 /thinkphp3/Home/User/model
INFO: [ app_init ] --START--
INFO: Run Behavior\BuildLiteBehavior [ RunTime:0.000037s ]
INFO: [ app_init ] --END-- [ RunTime:0.000670s ]
INFO: [ app_begin ] --START--
INFO: Run Behavior\ReadHtmlCacheBehavior [ RunTime:0.000910s ]
INFO: [ app_begin ] --END-- [ RunTime:0.001087s ]
ERR: 无法加载数据库驱动: Think\Db\Driver\Pdo

[ 2016-12-05T09:42:10+08:00 ] ::1 /thinkphp3/Home/User/model
INFO: [ app_init ] --START--
INFO: Run Behavior\BuildLiteBehavior [ RunTime:0.000035s ]
INFO: [ app_init ] --END-- [ RunTime:0.000563s ]
INFO: [ app_begin ] --START--
INFO: Run Behavior\ReadHtmlCacheBehavior [ RunTime:0.001117s ]
INFO: [ app_begin ] --END-- [ RunTime:0.001349s ]
ERR: 无法加载数据库驱动: Think\Db\Driver\Pdo

[ 2016-12-05T09:42:10+08:00 ] ::1 /thinkphp3/Home/User/model
INFO: [ app_init ] --START--
INFO: Run Behavior\BuildLiteBehavior [ RunTime:0.000054s ]
INFO: [ app_init ] --END-- [ RunTime:0.000767s ]
INFO: [ app_begin ] --START--
INFO: Run Behavior\ReadHtmlCacheBehavior [ RunTime:0.000965s ]
INFO: [ app_begin ] --END-- [ RunTime:0.001158s ]
ERR: 无法加载数据库驱动: Think\Db\Driver\Pdo

[ 2016-12-05T09:43:27+08:00 ] ::1 /thinkphp3/Home/User/model
INFO: [ app_init ] --START--
INFO: Run Behavior\BuildLiteBehavior [ RunTime:0.000039s ]
INFO: [ app_init ] --END-- [ RunTime:0.000782s ]
INFO: [ app_begin ] --START--
INFO: Run Behavior\ReadHtmlCacheBehavior [ RunTime:0.000914s ]
INFO: [ app_begin ] --END-- [ RunTime:0.001093s ]
ERR: 无法加载数据库驱动: Think\Db\Driver\Pdo

[ 2016-12-05T09:43:27+08:00 ] ::1 /thinkphp3/Home/User/model
INFO: [ app_init ] --START--
INFO: Run Behavior\BuildLiteBehavior [ RunTime:0.000038s ]
INFO: [ app_init ] --END-- [ RunTime:0.000640s ]
INFO: [ app_begin ] --START--
INFO: Run Behavior\ReadHtmlCacheBehavior [ RunTime:0.000740s ]
INFO: [ app_begin ] --END-- [ RunTime:0.000904s ]
ERR: 无法加载数据库驱动: Think\Db\Driver\Pdo

[ 2016-12-05T09:43:28+08:00 ] ::1 /thinkphp3/Home/User/model
INFO: [ app_init ] --START--
INFO: Run Behavior\BuildLiteBehavior [ RunTime:0.000037s ]
INFO: [ app_init ] --END-- [ RunTime:0.000655s ]
INFO: [ app_begin ] --START--
INFO: Run Behavior\ReadHtmlCacheBehavior [ RunTime:0.000844s ]
INFO: [ app_begin ] --END-- [ RunTime:0.001030s ]
ERR: 无法加载数据库驱动: Think\Db\Driver\Pdo

[ 2016-12-05T09:43:28+08:00 ] ::1 /thinkphp3/Home/User/model
INFO: [ app_init ] --START--
INFO: Run Behavior\BuildLiteBehavior [ RunTime:0.000036s ]
INFO: [ app_init ] --END-- [ RunTime:0.000660s ]
INFO: [ app_begin ] --START--
INFO: Run Behavior\ReadHtmlCacheBehavior [ RunTime:0.000867s ]
INFO: [ app_begin ] --END-- [ RunTime:0.001056s ]
ERR: 无法加载数据库驱动: Think\Db\Driver\Pdo

[ 2016-12-05T09:44:14+08:00 ] ::1 /thinkphp3/Home/User/model
INFO: [ app_init ] --START--
INFO: Run Behavior\BuildLiteBehavior [ RunTime:0.000031s ]
INFO: [ app_init ] --END-- [ RunTime:0.000627s ]
INFO: [ app_begin ] --START--
INFO: Run Behavior\ReadHtmlCacheBehavior [ RunTime:0.000821s ]
INFO: [ app_begin ] --END-- [ RunTime:0.000986s ]
ERR: 无法加载数据库驱动: Think\Db\Driver\Pdo

[ 2016-12-05T09:52:24+08:00 ] ::1 /thinkphp3/Home/User/model
INFO: [ app_init ] --START--
INFO: Run Behavior\BuildLiteBehavior [ RunTime:0.000037s ]
INFO: [ app_init ] --END-- [ RunTime:0.000656s ]
INFO: [ app_begin ] --START--
INFO: Run Behavior\ReadHtmlCacheBehavior [ RunTime:0.000894s ]
INFO: [ app_begin ] --END-- [ RunTime:0.001078s ]
ERR: 无法加载数据库驱动: Think\Db\Driver\Pdo

[ 2016-12-05T09:52:25+08:00 ] ::1 /thinkphp3/Home/User/model
INFO: [ app_init ] --START--
INFO: Run Behavior\BuildLiteBehavior [ RunTime:0.000036s ]
INFO: [ app_init ] --END-- [ RunTime:0.000642s ]
INFO: [ app_begin ] --START--
INFO: Run Behavior\ReadHtmlCacheBehavior [ RunTime:0.000848s ]
INFO: [ app_begin ] --END-- [ RunTime:0.001027s ]
ERR: 无法加载数据库驱动: Think\Db\Driver\Pdo

[ 2016-12-05T09:52:25+08:00 ] ::1 /thinkphp3/Home/User/model
INFO: [ app_init ] --START--
INFO: Run Behavior\BuildLiteBehavior [ RunTime:0.000047s ]
INFO: [ app_init ] --END-- [ RunTime:0.001209s ]
INFO: [ app_begin ] --START--
INFO: Run Behavior\ReadHtmlCacheBehavior [ RunTime:0.000858s ]
INFO: [ app_begin ] --END-- [ RunTime:0.001039s ]
ERR: 无法加载数据库驱动: Think\Db\Driver\Pdo

[ 2016-12-05T09:52:25+08:00 ] ::1 /thinkphp3/Home/User/model
INFO: [ app_init ] --START--
INFO: Run Behavior\BuildLiteBehavior [ RunTime:0.000038s ]
INFO: [ app_init ] --END-- [ RunTime:0.000694s ]
INFO: [ app_begin ] --START--
INFO: Run Behavior\ReadHtmlCacheBehavior [ RunTime:0.000733s ]
INFO: [ app_begin ] --END-- [ RunTime:0.000888s ]
ERR: 无法加载数据库驱动: Think\Db\Driver\Pdo

[ 2016-12-05T09:52:25+08:00 ] ::1 /thinkphp3/Home/User/model
INFO: [ app_init ] --START--
INFO: Run Behavior\BuildLiteBehavior [ RunTime:0.000038s ]
INFO: [ app_init ] --END-- [ RunTime:0.000811s ]
INFO: [ app_begin ] --START--
INFO: Run Behavior\ReadHtmlCacheBehavior [ RunTime:0.000822s ]
INFO: [ app_begin ] --END-- [ RunTime:0.000989s ]
ERR: 无法加载数据库驱动: Think\Db\Driver\Pdo

[ 2016-12-05T09:52:25+08:00 ] ::1 /thinkphp3/Home/User/model
INFO: [ app_init ] --START--
INFO: Run Behavior\BuildLiteBehavior [ RunTime:0.000034s ]
INFO: [ app_init ] --END-- [ RunTime:0.000574s ]
INFO: [ app_begin ] --START--
INFO: Run Behavior\ReadHtmlCacheBehavior [ RunTime:0.000806s ]
INFO: [ app_begin ] --END-- [ RunTime:0.000991s ]
ERR: 无法加载数据库驱动: Think\Db\Driver\Pdo

[ 2016-12-05T09:52:26+08:00 ] ::1 /thinkphp3/Home/User/model
INFO: [ app_init ] --START--
INFO: Run Behavior\BuildLiteBehavior [ RunTime:0.000059s ]
INFO: [ app_init ] --END-- [ RunTime:0.000945s ]
INFO: [ app_begin ] --START--
INFO: Run Behavior\ReadHtmlCacheBehavior [ RunTime:0.001442s ]
INFO: [ app_begin ] --END-- [ RunTime:0.001811s ]
ERR: 无法加载数据库驱动: Think\Db\Driver\Pdo

[ 2016-12-05T09:52:26+08:00 ] ::1 /thinkphp3/Home/User/model
INFO: [ app_init ] --START--
INFO: Run Behavior\BuildLiteBehavior [ RunTime:0.000053s ]
INFO: [ app_init ] --END-- [ RunTime:0.000872s ]
INFO: [ app_begin ] --START--
INFO: Run Behavior\ReadHtmlCacheBehavior [ RunTime:0.001183s ]
INFO: [ app_begin ] --END-- [ RunTime:0.001467s ]
ERR: 无法加载数据库驱动: Think\Db\Driver\Pdo

[ 2016-12-05T09:52:26+08:00 ] ::1 /thinkphp3/Home/User/model
INFO: [ app_init ] --START--
INFO: Run Behavior\BuildLiteBehavior [ RunTime:0.000033s ]
INFO: [ app_init ] --END-- [ RunTime:0.000586s ]
INFO: [ app_begin ] --START--
INFO: Run Behavior\ReadHtmlCacheBehavior [ RunTime:0.001222s ]
INFO: [ app_begin ] --END-- [ RunTime:0.001511s ]
ERR: 无法加载数据库驱动: Think\Db\Driver\Pdo

[ 2016-12-05T09:56:24+08:00 ] ::1 /thinkphp3/Home/User/model
INFO: [ app_init ] --START--
INFO: Run Behavior\BuildLiteBehavior [ RunTime:0.000037s ]
INFO: [ app_init ] --END-- [ RunTime:0.000660s ]
INFO: [ app_begin ] --START--
INFO: Run Behavior\ReadHtmlCacheBehavior [ RunTime:0.000958s ]
INFO: [ app_begin ] --END-- [ RunTime:0.001143s ]
SQL: SHOW COLUMNS FROM `think_user` [ RunTime:0.0012s ]
SQL: SELECT * FROM `think_user`  [ RunTime:0.0004s ]
INFO: [ app_end ] --START--
INFO: Run Behavior\ShowPageTraceBehavior [ RunTime:0.001112s ]
INFO: [ app_end ] --END-- [ RunTime:0.001279s ]

[ 2016-12-05T10:02:56+08:00 ] ::1 /thinkphp3/Home/User/model
ERR: 1146:Table 'thinkphp.tp_user' doesn't exist
 [ SQL语句 ] : SHOW COLUMNS FROM `tp_user`

[ 2016-12-05T10:07:50+08:00 ] ::1 /thinkphp3/Home/User/model
ERR: 无法加载数据库驱动: Think\Db\Driver\

[ 2016-12-05T10:24:21+08:00 ] ::1 /thinkphp3/Home/User/model
ERR: 1146:Table 'thinkphp.tp_user' doesn't exist
 [ SQL语句 ] : SHOW COLUMNS FROM `tp_user`

[ 2016-12-05T10:25:16+08:00 ] ::1 /thinkphp3/Home/User/model
ERR: 1146:Table 'thinkphp.think_abc' doesn't exist
 [ SQL语句 ] : SHOW COLUMNS FROM `think_abc`

[ 2016-12-05T10:26:39+08:00 ] ::1 /thinkphp3/Home/User/model
ERR: 1146:Table 'thinkphp.asd' doesn't exist
 [ SQL语句 ] : SHOW COLUMNS FROM `asd`

[ 2016-12-05T10:27:58+08:00 ] ::1 /thinkphp3/Home/User/model
ERR: 1146:Table 'imooc.think_user' doesn't exist
 [ SQL语句 ] : SHOW COLUMNS FROM `imooc`.`think_user`

[ 2016-12-05T14:27:40+08:00 ] ::1 /thinkphp3/Home/User/model
ERR: 1146:Table 'thinkphp.think_' doesn't exist
 [ SQL语句 ] : SELECT * FROM `think_` 

[ 2016-12-05T16:11:57+08:00 ] ::1 /thinkphp3/Home/User/model
ERR: 表达式错误:nolike

[ 2016-12-05T16:29:42+08:00 ] ::1 /thinkphp3/Home/User/model
ERR: 表达式错误:="蜡笔小新"

[ 2016-12-05T16:30:32+08:00 ] ::1 /thinkphp3/Home/User/model
ERR: 1054:Unknown column '蜡笔小新' in 'where clause'
 [ SQL语句 ] : SELECT * FROM `think_user` WHERE `id` =1 AND `user` =蜡笔小新 

[ 2016-12-05T16:30:45+08:00 ] ::1 /thinkphp3/Home/User/model
ERR: 1064:You have an error in your SQL syntax; check the manual that corresponds to your MySQL server version for the right syntax to use near '"=蜡笔小新"' at line 1
 [ SQL语句 ] : SELECT * FROM `think_user` WHERE `id` =1 AND `user` "=蜡笔小新" 

[ 2016-12-05T18:47:53+08:00 ] ::1 /thinkphp3/Home/User/model
ERR: 1054:Unknown column 'mail' in 'where clause'
 [ SQL语句 ] : SELECT * FROM `think_user` WHERE `id` = 1 AND ( `user` = '蜡笔小新' OR `mail` = 'xiaoin@163.com' ) 

